{"C:\\Users\\djram\\WebstormProjects\\stats_calculator\\StatsCalculator.js": {"path":"C:\\Users\\djram\\WebstormProjects\\stats_calculator\\StatsCalculator.js","statementMap":{"0":{"start":{"line":1,"column":0},"end":{"line":1,"column":37}},"1":{"start":{"line":2,"column":0},"end":{"line":2,"column":47}},"2":{"start":{"line":3,"column":0},"end":{"line":3,"column":41}},"3":{"start":{"line":7,"column":8},"end":{"line":7,"column":27}},"4":{"start":{"line":11,"column":8},"end":{"line":11,"column":55}},"5":{"start":{"line":14,"column":8},"end":{"line":14,"column":54}},"6":{"start":{"line":17,"column":8},"end":{"line":17,"column":59}},"7":{"start":{"line":20,"column":8},"end":{"line":20,"column":58}},"8":{"start":{"line":23,"column":8},"end":{"line":23,"column":67}},"9":{"start":{"line":26,"column":8},"end":{"line":26,"column":68}},"10":{"start":{"line":29,"column":8},"end":{"line":29,"column":60}},"11":{"start":{"line":29,"column":33},"end":{"line":29,"column":60}},"12":{"start":{"line":30,"column":8},"end":{"line":30,"column":55}},"13":{"start":{"line":33,"column":8},"end":{"line":33,"column":60}},"14":{"start":{"line":33,"column":33},"end":{"line":33,"column":60}},"15":{"start":{"line":34,"column":8},"end":{"line":34,"column":67}},"16":{"start":{"line":37,"column":8},"end":{"line":37,"column":60}},"17":{"start":{"line":37,"column":33},"end":{"line":37,"column":60}},"18":{"start":{"line":38,"column":8},"end":{"line":38,"column":54}},"19":{"start":{"line":41,"column":8},"end":{"line":41,"column":60}},"20":{"start":{"line":41,"column":33},"end":{"line":41,"column":60}},"21":{"start":{"line":42,"column":8},"end":{"line":42,"column":66}},"22":{"start":{"line":46,"column":8},"end":{"line":46,"column":58}},"23":{"start":{"line":46,"column":31},"end":{"line":46,"column":58}},"24":{"start":{"line":47,"column":8},"end":{"line":47,"column":46}},"25":{"start":{"line":50,"column":8},"end":{"line":50,"column":58}},"26":{"start":{"line":50,"column":31},"end":{"line":50,"column":58}},"27":{"start":{"line":51,"column":8},"end":{"line":51,"column":48}},"28":{"start":{"line":54,"column":8},"end":{"line":54,"column":58}},"29":{"start":{"line":54,"column":31},"end":{"line":54,"column":58}},"30":{"start":{"line":55,"column":8},"end":{"line":55,"column":46}},"31":{"start":{"line":58,"column":8},"end":{"line":58,"column":58}},"32":{"start":{"line":58,"column":31},"end":{"line":58,"column":58}},"33":{"start":{"line":59,"column":8},"end":{"line":59,"column":63}},"34":{"start":{"line":62,"column":8},"end":{"line":62,"column":58}},"35":{"start":{"line":62,"column":31},"end":{"line":62,"column":58}},"36":{"start":{"line":63,"column":8},"end":{"line":63,"column":61}},"37":{"start":{"line":66,"column":8},"end":{"line":66,"column":58}},"38":{"start":{"line":66,"column":31},"end":{"line":66,"column":58}},"39":{"start":{"line":67,"column":8},"end":{"line":67,"column":51}},"40":{"start":{"line":70,"column":8},"end":{"line":70,"column":58}},"41":{"start":{"line":70,"column":31},"end":{"line":70,"column":58}},"42":{"start":{"line":71,"column":8},"end":{"line":71,"column":50}},"43":{"start":{"line":74,"column":8},"end":{"line":74,"column":87}},"44":{"start":{"line":74,"column":60},"end":{"line":74,"column":87}},"45":{"start":{"line":75,"column":8},"end":{"line":75,"column":69}},"46":{"start":{"line":78,"column":8},"end":{"line":78,"column":87}},"47":{"start":{"line":78,"column":60},"end":{"line":78,"column":87}},"48":{"start":{"line":79,"column":8},"end":{"line":79,"column":73}},"49":{"start":{"line":82,"column":8},"end":{"line":82,"column":61}},"50":{"start":{"line":85,"column":8},"end":{"line":85,"column":58}},"51":{"start":{"line":85,"column":31},"end":{"line":85,"column":58}},"52":{"start":{"line":86,"column":8},"end":{"line":86,"column":55}},"53":{"start":{"line":90,"column":8},"end":{"line":90,"column":62}},"54":{"start":{"line":93,"column":8},"end":{"line":93,"column":60}},"55":{"start":{"line":93,"column":33},"end":{"line":93,"column":60}},"56":{"start":{"line":94,"column":8},"end":{"line":94,"column":79}},"57":{"start":{"line":97,"column":8},"end":{"line":97,"column":60}},"58":{"start":{"line":97,"column":33},"end":{"line":97,"column":60}},"59":{"start":{"line":98,"column":8},"end":{"line":98,"column":69}},"60":{"start":{"line":101,"column":8},"end":{"line":101,"column":60}},"61":{"start":{"line":101,"column":33},"end":{"line":101,"column":60}},"62":{"start":{"line":102,"column":8},"end":{"line":102,"column":69}},"63":{"start":{"line":105,"column":8},"end":{"line":105,"column":60}},"64":{"start":{"line":105,"column":33},"end":{"line":105,"column":60}},"65":{"start":{"line":106,"column":8},"end":{"line":106,"column":74}},"66":{"start":{"line":109,"column":8},"end":{"line":109,"column":76}},"67":{"start":{"line":112,"column":8},"end":{"line":112,"column":78}},"68":{"start":{"line":115,"column":8},"end":{"line":115,"column":83}},"69":{"start":{"line":119,"column":0},"end":{"line":119,"column":33}}},"fnMap":{"0":{"name":"(anonymous_0)","decl":{"start":{"line":6,"column":4},"end":{"line":6,"column":5}},"loc":{"start":{"line":6,"column":18},"end":{"line":8,"column":5}},"line":6},"1":{"name":"(anonymous_1)","decl":{"start":{"line":10,"column":4},"end":{"line":10,"column":5}},"loc":{"start":{"line":10,"column":30},"end":{"line":12,"column":5}},"line":10},"2":{"name":"(anonymous_2)","decl":{"start":{"line":13,"column":4},"end":{"line":13,"column":5}},"loc":{"start":{"line":13,"column":29},"end":{"line":15,"column":5}},"line":13},"3":{"name":"(anonymous_3)","decl":{"start":{"line":16,"column":4},"end":{"line":16,"column":5}},"loc":{"start":{"line":16,"column":34},"end":{"line":18,"column":5}},"line":16},"4":{"name":"(anonymous_4)","decl":{"start":{"line":19,"column":4},"end":{"line":19,"column":5}},"loc":{"start":{"line":19,"column":33},"end":{"line":21,"column":5}},"line":19},"5":{"name":"(anonymous_5)","decl":{"start":{"line":22,"column":4},"end":{"line":22,"column":5}},"loc":{"start":{"line":22,"column":42},"end":{"line":24,"column":5}},"line":22},"6":{"name":"(anonymous_6)","decl":{"start":{"line":25,"column":4},"end":{"line":25,"column":5}},"loc":{"start":{"line":25,"column":43},"end":{"line":27,"column":5}},"line":25},"7":{"name":"(anonymous_7)","decl":{"start":{"line":28,"column":4},"end":{"line":28,"column":5}},"loc":{"start":{"line":28,"column":30},"end":{"line":31,"column":5}},"line":28},"8":{"name":"(anonymous_8)","decl":{"start":{"line":32,"column":4},"end":{"line":32,"column":5}},"loc":{"start":{"line":32,"column":42},"end":{"line":35,"column":5}},"line":32},"9":{"name":"(anonymous_9)","decl":{"start":{"line":36,"column":4},"end":{"line":36,"column":5}},"loc":{"start":{"line":36,"column":29},"end":{"line":39,"column":5}},"line":36},"10":{"name":"(anonymous_10)","decl":{"start":{"line":40,"column":4},"end":{"line":40,"column":5}},"loc":{"start":{"line":40,"column":41},"end":{"line":43,"column":5}},"line":40},"11":{"name":"(anonymous_11)","decl":{"start":{"line":45,"column":4},"end":{"line":45,"column":5}},"loc":{"start":{"line":45,"column":16},"end":{"line":48,"column":5}},"line":45},"12":{"name":"(anonymous_12)","decl":{"start":{"line":49,"column":4},"end":{"line":49,"column":5}},"loc":{"start":{"line":49,"column":18},"end":{"line":52,"column":5}},"line":49},"13":{"name":"(anonymous_13)","decl":{"start":{"line":53,"column":4},"end":{"line":53,"column":5}},"loc":{"start":{"line":53,"column":16},"end":{"line":56,"column":5}},"line":53},"14":{"name":"(anonymous_14)","decl":{"start":{"line":57,"column":4},"end":{"line":57,"column":5}},"loc":{"start":{"line":57,"column":33},"end":{"line":60,"column":5}},"line":57},"15":{"name":"(anonymous_15)","decl":{"start":{"line":61,"column":4},"end":{"line":61,"column":5}},"loc":{"start":{"line":61,"column":31},"end":{"line":64,"column":5}},"line":61},"16":{"name":"(anonymous_16)","decl":{"start":{"line":65,"column":4},"end":{"line":65,"column":5}},"loc":{"start":{"line":65,"column":21},"end":{"line":68,"column":5}},"line":65},"17":{"name":"(anonymous_17)","decl":{"start":{"line":69,"column":4},"end":{"line":69,"column":5}},"loc":{"start":{"line":69,"column":20},"end":{"line":72,"column":5}},"line":69},"18":{"name":"(anonymous_18)","decl":{"start":{"line":73,"column":4},"end":{"line":73,"column":5}},"loc":{"start":{"line":73,"column":39},"end":{"line":76,"column":5}},"line":73},"19":{"name":"(anonymous_19)","decl":{"start":{"line":77,"column":4},"end":{"line":77,"column":5}},"loc":{"start":{"line":77,"column":43},"end":{"line":80,"column":5}},"line":77},"20":{"name":"(anonymous_20)","decl":{"start":{"line":81,"column":4},"end":{"line":81,"column":5}},"loc":{"start":{"line":81,"column":31},"end":{"line":83,"column":5}},"line":81},"21":{"name":"(anonymous_21)","decl":{"start":{"line":84,"column":4},"end":{"line":84,"column":5}},"loc":{"start":{"line":84,"column":25},"end":{"line":87,"column":5}},"line":84},"22":{"name":"(anonymous_22)","decl":{"start":{"line":89,"column":4},"end":{"line":89,"column":5}},"loc":{"start":{"line":89,"column":35},"end":{"line":91,"column":5}},"line":89},"23":{"name":"(anonymous_23)","decl":{"start":{"line":92,"column":4},"end":{"line":92,"column":5}},"loc":{"start":{"line":92,"column":52},"end":{"line":95,"column":5}},"line":92},"24":{"name":"(anonymous_24)","decl":{"start":{"line":96,"column":4},"end":{"line":96,"column":5}},"loc":{"start":{"line":96,"column":42},"end":{"line":99,"column":5}},"line":96},"25":{"name":"(anonymous_25)","decl":{"start":{"line":100,"column":4},"end":{"line":100,"column":5}},"loc":{"start":{"line":100,"column":42},"end":{"line":103,"column":5}},"line":100},"26":{"name":"(anonymous_26)","decl":{"start":{"line":104,"column":4},"end":{"line":104,"column":5}},"loc":{"start":{"line":104,"column":47},"end":{"line":107,"column":5}},"line":104},"27":{"name":"(anonymous_27)","decl":{"start":{"line":108,"column":4},"end":{"line":108,"column":5}},"loc":{"start":{"line":108,"column":53},"end":{"line":110,"column":5}},"line":108},"28":{"name":"(anonymous_28)","decl":{"start":{"line":111,"column":4},"end":{"line":111,"column":5}},"loc":{"start":{"line":111,"column":53},"end":{"line":113,"column":5}},"line":111},"29":{"name":"(anonymous_29)","decl":{"start":{"line":114,"column":4},"end":{"line":114,"column":5}},"loc":{"start":{"line":114,"column":56},"end":{"line":116,"column":5}},"line":114}},"branchMap":{"0":{"loc":{"start":{"line":29,"column":8},"end":{"line":29,"column":60}},"type":"if","locations":[{"start":{"line":29,"column":8},"end":{"line":29,"column":60}},{"start":{"line":29,"column":8},"end":{"line":29,"column":60}}],"line":29},"1":{"loc":{"start":{"line":33,"column":8},"end":{"line":33,"column":60}},"type":"if","locations":[{"start":{"line":33,"column":8},"end":{"line":33,"column":60}},{"start":{"line":33,"column":8},"end":{"line":33,"column":60}}],"line":33},"2":{"loc":{"start":{"line":37,"column":8},"end":{"line":37,"column":60}},"type":"if","locations":[{"start":{"line":37,"column":8},"end":{"line":37,"column":60}},{"start":{"line":37,"column":8},"end":{"line":37,"column":60}}],"line":37},"3":{"loc":{"start":{"line":41,"column":8},"end":{"line":41,"column":60}},"type":"if","locations":[{"start":{"line":41,"column":8},"end":{"line":41,"column":60}},{"start":{"line":41,"column":8},"end":{"line":41,"column":60}}],"line":41},"4":{"loc":{"start":{"line":46,"column":8},"end":{"line":46,"column":58}},"type":"if","locations":[{"start":{"line":46,"column":8},"end":{"line":46,"column":58}},{"start":{"line":46,"column":8},"end":{"line":46,"column":58}}],"line":46},"5":{"loc":{"start":{"line":50,"column":8},"end":{"line":50,"column":58}},"type":"if","locations":[{"start":{"line":50,"column":8},"end":{"line":50,"column":58}},{"start":{"line":50,"column":8},"end":{"line":50,"column":58}}],"line":50},"6":{"loc":{"start":{"line":54,"column":8},"end":{"line":54,"column":58}},"type":"if","locations":[{"start":{"line":54,"column":8},"end":{"line":54,"column":58}},{"start":{"line":54,"column":8},"end":{"line":54,"column":58}}],"line":54},"7":{"loc":{"start":{"line":57,"column":20},"end":{"line":57,"column":31}},"type":"default-arg","locations":[{"start":{"line":57,"column":27},"end":{"line":57,"column":31}}],"line":57},"8":{"loc":{"start":{"line":58,"column":8},"end":{"line":58,"column":58}},"type":"if","locations":[{"start":{"line":58,"column":8},"end":{"line":58,"column":58}},{"start":{"line":58,"column":8},"end":{"line":58,"column":58}}],"line":58},"9":{"loc":{"start":{"line":61,"column":18},"end":{"line":61,"column":29}},"type":"default-arg","locations":[{"start":{"line":61,"column":25},"end":{"line":61,"column":29}}],"line":61},"10":{"loc":{"start":{"line":62,"column":8},"end":{"line":62,"column":58}},"type":"if","locations":[{"start":{"line":62,"column":8},"end":{"line":62,"column":58}},{"start":{"line":62,"column":8},"end":{"line":62,"column":58}}],"line":62},"11":{"loc":{"start":{"line":66,"column":8},"end":{"line":66,"column":58}},"type":"if","locations":[{"start":{"line":66,"column":8},"end":{"line":66,"column":58}},{"start":{"line":66,"column":8},"end":{"line":66,"column":58}}],"line":66},"12":{"loc":{"start":{"line":70,"column":8},"end":{"line":70,"column":58}},"type":"if","locations":[{"start":{"line":70,"column":8},"end":{"line":70,"column":58}},{"start":{"line":70,"column":8},"end":{"line":70,"column":58}}],"line":70},"13":{"loc":{"start":{"line":74,"column":8},"end":{"line":74,"column":87}},"type":"if","locations":[{"start":{"line":74,"column":8},"end":{"line":74,"column":87}},{"start":{"line":74,"column":8},"end":{"line":74,"column":87}}],"line":74},"14":{"loc":{"start":{"line":74,"column":13},"end":{"line":74,"column":57}},"type":"binary-expr","locations":[{"start":{"line":74,"column":14},"end":{"line":74,"column":32}},{"start":{"line":74,"column":38},"end":{"line":74,"column":56}}],"line":74},"15":{"loc":{"start":{"line":78,"column":8},"end":{"line":78,"column":87}},"type":"if","locations":[{"start":{"line":78,"column":8},"end":{"line":78,"column":87}},{"start":{"line":78,"column":8},"end":{"line":78,"column":87}}],"line":78},"16":{"loc":{"start":{"line":78,"column":13},"end":{"line":78,"column":57}},"type":"binary-expr","locations":[{"start":{"line":78,"column":14},"end":{"line":78,"column":32}},{"start":{"line":78,"column":38},"end":{"line":78,"column":56}}],"line":78},"17":{"loc":{"start":{"line":85,"column":8},"end":{"line":85,"column":58}},"type":"if","locations":[{"start":{"line":85,"column":8},"end":{"line":85,"column":58}},{"start":{"line":85,"column":8},"end":{"line":85,"column":58}}],"line":85},"18":{"loc":{"start":{"line":92,"column":42},"end":{"line":92,"column":50}},"type":"default-arg","locations":[{"start":{"line":92,"column":47},"end":{"line":92,"column":50}}],"line":92},"19":{"loc":{"start":{"line":93,"column":8},"end":{"line":93,"column":60}},"type":"if","locations":[{"start":{"line":93,"column":8},"end":{"line":93,"column":60}},{"start":{"line":93,"column":8},"end":{"line":93,"column":60}}],"line":93},"20":{"loc":{"start":{"line":97,"column":8},"end":{"line":97,"column":60}},"type":"if","locations":[{"start":{"line":97,"column":8},"end":{"line":97,"column":60}},{"start":{"line":97,"column":8},"end":{"line":97,"column":60}}],"line":97},"21":{"loc":{"start":{"line":100,"column":27},"end":{"line":100,"column":40}},"type":"default-arg","locations":[{"start":{"line":100,"column":38},"end":{"line":100,"column":40}}],"line":100},"22":{"loc":{"start":{"line":101,"column":8},"end":{"line":101,"column":60}},"type":"if","locations":[{"start":{"line":101,"column":8},"end":{"line":101,"column":60}},{"start":{"line":101,"column":8},"end":{"line":101,"column":60}}],"line":101},"23":{"loc":{"start":{"line":104,"column":32},"end":{"line":104,"column":45}},"type":"default-arg","locations":[{"start":{"line":104,"column":43},"end":{"line":104,"column":45}}],"line":104},"24":{"loc":{"start":{"line":105,"column":8},"end":{"line":105,"column":60}},"type":"if","locations":[{"start":{"line":105,"column":8},"end":{"line":105,"column":60}},{"start":{"line":105,"column":8},"end":{"line":105,"column":60}}],"line":105},"25":{"loc":{"start":{"line":108,"column":38},"end":{"line":108,"column":43}},"type":"default-arg","locations":[{"start":{"line":108,"column":40},"end":{"line":108,"column":43}}],"line":108},"26":{"loc":{"start":{"line":108,"column":45},"end":{"line":108,"column":51}},"type":"default-arg","locations":[{"start":{"line":108,"column":47},"end":{"line":108,"column":51}}],"line":108},"27":{"loc":{"start":{"line":111,"column":46},"end":{"line":111,"column":51}},"type":"default-arg","locations":[{"start":{"line":111,"column":48},"end":{"line":111,"column":51}}],"line":111}},"s":{"0":1,"1":1,"2":1,"3":1,"4":1,"5":1,"6":1,"7":1,"8":1,"9":1,"10":2,"11":0,"12":2,"13":0,"14":0,"15":0,"16":1,"17":0,"18":1,"19":1,"20":0,"21":1,"22":1,"23":0,"24":1,"25":1,"26":0,"27":1,"28":1,"29":0,"30":1,"31":1,"32":0,"33":1,"34":1,"35":0,"36":1,"37":4,"38":0,"39":4,"40":1,"41":0,"42":1,"43":1,"44":0,"45":1,"46":1,"47":0,"48":1,"49":1,"50":1,"51":0,"52":1,"53":1,"54":1,"55":0,"56":1,"57":1,"58":0,"59":1,"60":1,"61":0,"62":1,"63":1,"64":0,"65":1,"66":1,"67":1,"68":0,"69":1},"f":{"0":1,"1":1,"2":1,"3":1,"4":1,"5":1,"6":1,"7":2,"8":0,"9":1,"10":1,"11":1,"12":1,"13":1,"14":1,"15":1,"16":4,"17":1,"18":1,"19":1,"20":1,"21":1,"22":1,"23":1,"24":1,"25":1,"26":1,"27":1,"28":1,"29":0},"b":{"0":[0,2],"1":[0,0],"2":[0,1],"3":[0,1],"4":[0,1],"5":[0,1],"6":[0,1],"7":[1],"8":[0,1],"9":[1],"10":[0,1],"11":[0,4],"12":[0,1],"13":[0,1],"14":[1,1],"15":[0,1],"16":[1,1],"17":[0,1],"18":[0],"19":[0,1],"20":[0,1],"21":[0],"22":[0,1],"23":[0],"24":[0,1],"25":[1],"26":[1],"27":[0]},"_coverageSchema":"1a1c01bbd47fc00a2c39e90264f33305004495a9","hash":"099e5c455585555040af5f18ac943fbf26ecba5a"}
,"C:\\Users\\djram\\WebstormProjects\\stats_calculator\\modules\\Descriptive.js": {"path":"C:\\Users\\djram\\WebstormProjects\\stats_calculator\\modules\\Descriptive.js","statementMap":{"0":{"start":{"line":3,"column":7},"end":{"line":5,"column":9}},"1":{"start":{"line":4,"column":12},"end":{"line":4,"column":41}},"2":{"start":{"line":6,"column":7},"end":{"line":6,"column":62}},"3":{"start":{"line":6,"column":37},"end":{"line":6,"column":42}},"4":{"start":{"line":10,"column":18},"end":{"line":10,"column":31}},"5":{"start":{"line":11,"column":7},"end":{"line":11,"column":34}},"6":{"start":{"line":11,"column":27},"end":{"line":11,"column":32}},"7":{"start":{"line":12,"column":22},"end":{"line":12,"column":49}},"8":{"start":{"line":13,"column":7},"end":{"line":17,"column":8}},"9":{"start":{"line":14,"column":11},"end":{"line":14,"column":33}},"10":{"start":{"line":16,"column":11},"end":{"line":16,"column":58}},"11":{"start":{"line":21,"column":20},"end":{"line":21,"column":22}},"12":{"start":{"line":22,"column":7},"end":{"line":28,"column":8}},"13":{"start":{"line":22,"column":20},"end":{"line":22,"column":21}},"14":{"start":{"line":23,"column":12},"end":{"line":27,"column":13}},"15":{"start":{"line":24,"column":16},"end":{"line":24,"column":38}},"16":{"start":{"line":26,"column":16},"end":{"line":26,"column":37}},"17":{"start":{"line":29,"column":19},"end":{"line":29,"column":21}},"18":{"start":{"line":30,"column":22},"end":{"line":30,"column":56}},"19":{"start":{"line":31,"column":7},"end":{"line":35,"column":8}},"20":{"start":{"line":32,"column":11},"end":{"line":34,"column":12}},"21":{"start":{"line":33,"column":15},"end":{"line":33,"column":39}},"22":{"start":{"line":36,"column":7},"end":{"line":40,"column":8}},"23":{"start":{"line":37,"column":11},"end":{"line":37,"column":27}},"24":{"start":{"line":39,"column":11},"end":{"line":39,"column":46}},"25":{"start":{"line":39,"column":39},"end":{"line":39,"column":44}},"26":{"start":{"line":45,"column":15},"end":{"line":45,"column":27}},"27":{"start":{"line":46,"column":7},"end":{"line":53,"column":8}},"28":{"start":{"line":47,"column":28},"end":{"line":47,"column":62}},"29":{"start":{"line":47,"column":51},"end":{"line":47,"column":58}},"30":{"start":{"line":48,"column":28},"end":{"line":48,"column":71}},"31":{"start":{"line":48,"column":52},"end":{"line":48,"column":57}},"32":{"start":{"line":49,"column":11},"end":{"line":49,"column":64}},"33":{"start":{"line":51,"column":22},"end":{"line":51,"column":45}},"34":{"start":{"line":52,"column":11},"end":{"line":52,"column":65}},"35":{"start":{"line":52,"column":41},"end":{"line":52,"column":56}},"36":{"start":{"line":58,"column":7},"end":{"line":58,"column":57}},"37":{"start":{"line":63,"column":18},"end":{"line":63,"column":31}},"38":{"start":{"line":64,"column":7},"end":{"line":64,"column":34}},"39":{"start":{"line":64,"column":27},"end":{"line":64,"column":32}},"40":{"start":{"line":65,"column":26},"end":{"line":65,"column":43}},"41":{"start":{"line":66,"column":18},"end":{"line":66,"column":30}},"42":{"start":{"line":67,"column":7},"end":{"line":78,"column":8}},"43":{"start":{"line":67,"column":20},"end":{"line":67,"column":21}},"44":{"start":{"line":68,"column":11},"end":{"line":70,"column":12}},"45":{"start":{"line":69,"column":15},"end":{"line":69,"column":28}},"46":{"start":{"line":71,"column":11},"end":{"line":73,"column":12}},"47":{"start":{"line":72,"column":15},"end":{"line":72,"column":28}},"48":{"start":{"line":74,"column":11},"end":{"line":76,"column":12}},"49":{"start":{"line":75,"column":15},"end":{"line":75,"column":28}},"50":{"start":{"line":77,"column":11},"end":{"line":77,"column":32}},"51":{"start":{"line":79,"column":7},"end":{"line":79,"column":27}},"52":{"start":{"line":85,"column":15},"end":{"line":85,"column":27}},"53":{"start":{"line":86,"column":18},"end":{"line":86,"column":41}},"54":{"start":{"line":87,"column":22},"end":{"line":87,"column":66}},"55":{"start":{"line":87,"column":45},"end":{"line":87,"column":62}},"56":{"start":{"line":88,"column":20},"end":{"line":88,"column":52}},"57":{"start":{"line":89,"column":7},"end":{"line":89,"column":45}},"58":{"start":{"line":94,"column":15},"end":{"line":94,"column":28}},"59":{"start":{"line":95,"column":19},"end":{"line":95,"column":43}},"60":{"start":{"line":96,"column":19},"end":{"line":96,"column":43}},"61":{"start":{"line":97,"column":23},"end":{"line":97,"column":45}},"62":{"start":{"line":98,"column":7},"end":{"line":100,"column":8}},"63":{"start":{"line":98,"column":20},"end":{"line":98,"column":21}},"64":{"start":{"line":99,"column":11},"end":{"line":99,"column":46}},"65":{"start":{"line":101,"column":20},"end":{"line":101,"column":78}},"66":{"start":{"line":101,"column":45},"end":{"line":101,"column":53}},"67":{"start":{"line":102,"column":20},"end":{"line":102,"column":78}},"68":{"start":{"line":102,"column":45},"end":{"line":102,"column":53}},"69":{"start":{"line":103,"column":7},"end":{"line":103,"column":44}},"70":{"start":{"line":107,"column":15},"end":{"line":107,"column":28}},"71":{"start":{"line":108,"column":19},"end":{"line":108,"column":43}},"72":{"start":{"line":109,"column":19},"end":{"line":109,"column":43}},"73":{"start":{"line":110,"column":19},"end":{"line":110,"column":20}},"74":{"start":{"line":111,"column":7},"end":{"line":113,"column":8}},"75":{"start":{"line":111,"column":20},"end":{"line":111,"column":21}},"76":{"start":{"line":112,"column":11},"end":{"line":112,"column":66}},"77":{"start":{"line":114,"column":21},"end":{"line":114,"column":54}},"78":{"start":{"line":115,"column":21},"end":{"line":115,"column":54}},"79":{"start":{"line":116,"column":7},"end":{"line":116,"column":42}},"80":{"start":{"line":120,"column":7},"end":{"line":120,"column":36}},"81":{"start":{"line":124,"column":18},"end":{"line":124,"column":41}},"82":{"start":{"line":125,"column":7},"end":{"line":125,"column":79}},"83":{"start":{"line":125,"column":37},"end":{"line":125,"column":59}},"84":{"start":{"line":129,"column":0},"end":{"line":129,"column":29}}},"fnMap":{"0":{"name":"(anonymous_0)","decl":{"start":{"line":2,"column":3},"end":{"line":2,"column":4}},"loc":{"start":{"line":2,"column":22},"end":{"line":7,"column":4}},"line":2},"1":{"name":"(anonymous_1)","decl":{"start":{"line":6,"column":27},"end":{"line":6,"column":28}},"loc":{"start":{"line":6,"column":37},"end":{"line":6,"column":42}},"line":6},"2":{"name":"(anonymous_2)","decl":{"start":{"line":9,"column":3},"end":{"line":9,"column":4}},"loc":{"start":{"line":9,"column":24},"end":{"line":18,"column":4}},"line":9},"3":{"name":"(anonymous_3)","decl":{"start":{"line":11,"column":17},"end":{"line":11,"column":18}},"loc":{"start":{"line":11,"column":27},"end":{"line":11,"column":32}},"line":11},"4":{"name":"(anonymous_4)","decl":{"start":{"line":20,"column":3},"end":{"line":20,"column":4}},"loc":{"start":{"line":20,"column":22},"end":{"line":41,"column":4}},"line":20},"5":{"name":"(anonymous_5)","decl":{"start":{"line":39,"column":29},"end":{"line":39,"column":30}},"loc":{"start":{"line":39,"column":39},"end":{"line":39,"column":44}},"line":39},"6":{"name":"(anonymous_6)","decl":{"start":{"line":43,"column":3},"end":{"line":43,"column":4}},"loc":{"start":{"line":43,"column":39},"end":{"line":54,"column":4}},"line":43},"7":{"name":"(anonymous_7)","decl":{"start":{"line":47,"column":41},"end":{"line":47,"column":42}},"loc":{"start":{"line":47,"column":51},"end":{"line":47,"column":58}},"line":47},"8":{"name":"(anonymous_8)","decl":{"start":{"line":48,"column":42},"end":{"line":48,"column":43}},"loc":{"start":{"line":48,"column":52},"end":{"line":48,"column":57}},"line":48},"9":{"name":"(anonymous_9)","decl":{"start":{"line":52,"column":31},"end":{"line":52,"column":32}},"loc":{"start":{"line":52,"column":41},"end":{"line":52,"column":56}},"line":52},"10":{"name":"(anonymous_10)","decl":{"start":{"line":56,"column":3},"end":{"line":56,"column":4}},"loc":{"start":{"line":56,"column":37},"end":{"line":59,"column":4}},"line":56},"11":{"name":"(anonymous_11)","decl":{"start":{"line":61,"column":3},"end":{"line":61,"column":4}},"loc":{"start":{"line":61,"column":27},"end":{"line":80,"column":4}},"line":61},"12":{"name":"(anonymous_12)","decl":{"start":{"line":64,"column":17},"end":{"line":64,"column":18}},"loc":{"start":{"line":64,"column":27},"end":{"line":64,"column":32}},"line":64},"13":{"name":"(anonymous_13)","decl":{"start":{"line":82,"column":3},"end":{"line":82,"column":4}},"loc":{"start":{"line":82,"column":26},"end":{"line":90,"column":4}},"line":82},"14":{"name":"(anonymous_14)","decl":{"start":{"line":87,"column":35},"end":{"line":87,"column":36}},"loc":{"start":{"line":87,"column":45},"end":{"line":87,"column":62}},"line":87},"15":{"name":"(anonymous_15)","decl":{"start":{"line":92,"column":3},"end":{"line":92,"column":4}},"loc":{"start":{"line":92,"column":45},"end":{"line":104,"column":4}},"line":92},"16":{"name":"(anonymous_16)","decl":{"start":{"line":101,"column":35},"end":{"line":101,"column":36}},"loc":{"start":{"line":101,"column":45},"end":{"line":101,"column":53}},"line":101},"17":{"name":"(anonymous_17)","decl":{"start":{"line":102,"column":35},"end":{"line":102,"column":36}},"loc":{"start":{"line":102,"column":45},"end":{"line":102,"column":53}},"line":102},"18":{"name":"(anonymous_18)","decl":{"start":{"line":106,"column":3},"end":{"line":106,"column":4}},"loc":{"start":{"line":106,"column":49},"end":{"line":117,"column":4}},"line":106},"19":{"name":"(anonymous_19)","decl":{"start":{"line":119,"column":3},"end":{"line":119,"column":4}},"loc":{"start":{"line":119,"column":37},"end":{"line":121,"column":4}},"line":119},"20":{"name":"(anonymous_20)","decl":{"start":{"line":123,"column":3},"end":{"line":123,"column":4}},"loc":{"start":{"line":123,"column":31},"end":{"line":126,"column":4}},"line":123},"21":{"name":"(anonymous_21)","decl":{"start":{"line":125,"column":27},"end":{"line":125,"column":28}},"loc":{"start":{"line":125,"column":37},"end":{"line":125,"column":59}},"line":125}},"branchMap":{"0":{"loc":{"start":{"line":3,"column":7},"end":{"line":5,"column":9}},"type":"if","locations":[{"start":{"line":3,"column":7},"end":{"line":5,"column":9}},{"start":{"line":3,"column":7},"end":{"line":5,"column":9}}],"line":3},"1":{"loc":{"start":{"line":13,"column":7},"end":{"line":17,"column":8}},"type":"if","locations":[{"start":{"line":13,"column":7},"end":{"line":17,"column":8}},{"start":{"line":13,"column":7},"end":{"line":17,"column":8}}],"line":13},"2":{"loc":{"start":{"line":23,"column":12},"end":{"line":27,"column":13}},"type":"if","locations":[{"start":{"line":23,"column":12},"end":{"line":27,"column":13}},{"start":{"line":23,"column":12},"end":{"line":27,"column":13}}],"line":23},"3":{"loc":{"start":{"line":32,"column":11},"end":{"line":34,"column":12}},"type":"if","locations":[{"start":{"line":32,"column":11},"end":{"line":34,"column":12}},{"start":{"line":32,"column":11},"end":{"line":34,"column":12}}],"line":32},"4":{"loc":{"start":{"line":36,"column":7},"end":{"line":40,"column":8}},"type":"if","locations":[{"start":{"line":36,"column":7},"end":{"line":40,"column":8}},{"start":{"line":36,"column":7},"end":{"line":40,"column":8}}],"line":36},"5":{"loc":{"start":{"line":43,"column":26},"end":{"line":43,"column":37}},"type":"default-arg","locations":[{"start":{"line":43,"column":33},"end":{"line":43,"column":37}}],"line":43},"6":{"loc":{"start":{"line":46,"column":7},"end":{"line":53,"column":8}},"type":"if","locations":[{"start":{"line":46,"column":7},"end":{"line":53,"column":8}},{"start":{"line":46,"column":7},"end":{"line":53,"column":8}}],"line":46},"7":{"loc":{"start":{"line":56,"column":24},"end":{"line":56,"column":35}},"type":"default-arg","locations":[{"start":{"line":56,"column":31},"end":{"line":56,"column":35}}],"line":56},"8":{"loc":{"start":{"line":68,"column":11},"end":{"line":70,"column":12}},"type":"if","locations":[{"start":{"line":68,"column":11},"end":{"line":70,"column":12}},{"start":{"line":68,"column":11},"end":{"line":70,"column":12}}],"line":68},"9":{"loc":{"start":{"line":68,"column":15},"end":{"line":68,"column":58}},"type":"binary-expr","locations":[{"start":{"line":68,"column":16},"end":{"line":68,"column":26}},{"start":{"line":68,"column":32},"end":{"line":68,"column":57}}],"line":68},"10":{"loc":{"start":{"line":71,"column":11},"end":{"line":73,"column":12}},"type":"if","locations":[{"start":{"line":71,"column":11},"end":{"line":73,"column":12}},{"start":{"line":71,"column":11},"end":{"line":73,"column":12}}],"line":71},"11":{"loc":{"start":{"line":71,"column":15},"end":{"line":71,"column":58}},"type":"binary-expr","locations":[{"start":{"line":71,"column":16},"end":{"line":71,"column":26}},{"start":{"line":71,"column":32},"end":{"line":71,"column":57}}],"line":71},"12":{"loc":{"start":{"line":74,"column":11},"end":{"line":76,"column":12}},"type":"if","locations":[{"start":{"line":74,"column":11},"end":{"line":76,"column":12}},{"start":{"line":74,"column":11},"end":{"line":76,"column":12}}],"line":74},"13":{"loc":{"start":{"line":74,"column":15},"end":{"line":74,"column":58}},"type":"binary-expr","locations":[{"start":{"line":74,"column":16},"end":{"line":74,"column":26}},{"start":{"line":74,"column":32},"end":{"line":74,"column":57}}],"line":74}},"s":{"0":26,"1":0,"2":26,"3":2060,"4":2,"5":2,"6":1065,"7":2,"8":2,"9":0,"10":2,"11":2,"12":2,"13":2,"14":200,"15":39,"16":161,"17":2,"18":2,"19":2,"20":161,"21":6,"22":2,"23":0,"24":2,"25":4,"26":18,"27":18,"28":12,"29":300,"30":12,"31":300,"32":12,"33":6,"34":6,"35":600,"36":16,"37":8,"38":8,"39":161,"40":8,"41":8,"42":8,"43":8,"44":76,"45":8,"46":76,"47":8,"48":76,"49":8,"50":76,"51":8,"52":2,"53":2,"54":2,"55":200,"56":2,"57":2,"58":2,"59":2,"60":2,"61":2,"62":2,"63":2,"64":200,"65":2,"66":200,"67":2,"68":200,"69":2,"70":2,"71":2,"72":2,"73":2,"74":2,"75":2,"76":200,"77":2,"78":2,"79":2,"80":2,"81":2,"82":2,"83":200,"84":3},"f":{"0":26,"1":2060,"2":2,"3":1065,"4":2,"5":4,"6":18,"7":300,"8":300,"9":600,"10":16,"11":8,"12":161,"13":2,"14":200,"15":2,"16":200,"17":200,"18":2,"19":2,"20":2,"21":200},"b":{"0":[0,26],"1":[0,2],"2":[39,161],"3":[6,155],"4":[0,2],"5":[1],"6":[12,6],"7":[9],"8":[8,68],"9":[76,62],"10":[8,68],"11":[76,44],"12":[8,68],"13":[76,24]},"_coverageSchema":"1a1c01bbd47fc00a2c39e90264f33305004495a9","hash":"d34a095b79f9258b86cd1185d0d340ae5ea9eb57"}
,"C:\\Users\\djram\\WebstormProjects\\stats_calculator\\modules\\Random.js": {"path":"C:\\Users\\djram\\WebstormProjects\\stats_calculator\\modules\\Random.js","statementMap":{"0":{"start":{"line":1,"column":19},"end":{"line":1,"column":40}},"1":{"start":{"line":6,"column":8},"end":{"line":6,"column":61}},"2":{"start":{"line":11,"column":28},"end":{"line":11,"column":43}},"3":{"start":{"line":12,"column":23},"end":{"line":12,"column":56}},"4":{"start":{"line":13,"column":8},"end":{"line":13,"column":68}},"5":{"start":{"line":18,"column":8},"end":{"line":18,"column":43}},"6":{"start":{"line":19,"column":8},"end":{"line":19,"column":61}},"7":{"start":{"line":24,"column":8},"end":{"line":24,"column":43}},"8":{"start":{"line":25,"column":28},"end":{"line":25,"column":43}},"9":{"start":{"line":26,"column":23},"end":{"line":26,"column":56}},"10":{"start":{"line":27,"column":8},"end":{"line":27,"column":68}},"11":{"start":{"line":32,"column":24},"end":{"line":32,"column":26}},"12":{"start":{"line":33,"column":8},"end":{"line":33,"column":43}},"13":{"start":{"line":34,"column":28},"end":{"line":34,"column":43}},"14":{"start":{"line":36,"column":8},"end":{"line":39,"column":9}},"15":{"start":{"line":36,"column":20},"end":{"line":36,"column":21}},"16":{"start":{"line":37,"column":27},"end":{"line":37,"column":60}},"17":{"start":{"line":38,"column":12},"end":{"line":38,"column":80}},"18":{"start":{"line":40,"column":8},"end":{"line":40,"column":25}},"19":{"start":{"line":45,"column":24},"end":{"line":45,"column":26}},"20":{"start":{"line":46,"column":8},"end":{"line":46,"column":43}},"21":{"start":{"line":48,"column":8},"end":{"line":51,"column":9}},"22":{"start":{"line":48,"column":20},"end":{"line":48,"column":21}},"23":{"start":{"line":49,"column":12},"end":{"line":49,"column":73}},"24":{"start":{"line":52,"column":8},"end":{"line":52,"column":25}},"25":{"start":{"line":57,"column":23},"end":{"line":57,"column":65}},"26":{"start":{"line":58,"column":8},"end":{"line":58,"column":33}},"27":{"start":{"line":63,"column":8},"end":{"line":63,"column":43}},"28":{"start":{"line":64,"column":23},"end":{"line":64,"column":65}},"29":{"start":{"line":65,"column":8},"end":{"line":65,"column":33}},"30":{"start":{"line":70,"column":22},"end":{"line":70,"column":24}},"31":{"start":{"line":72,"column":8},"end":{"line":80,"column":9}},"32":{"start":{"line":74,"column":12},"end":{"line":78,"column":13}},"33":{"start":{"line":74,"column":24},"end":{"line":74,"column":25}},"34":{"start":{"line":76,"column":16},"end":{"line":76,"column":85}},"35":{"start":{"line":77,"column":16},"end":{"line":77,"column":44}},"36":{"start":{"line":79,"column":12},"end":{"line":79,"column":27}},"37":{"start":{"line":85,"column":8},"end":{"line":85,"column":43}},"38":{"start":{"line":86,"column":28},"end":{"line":86,"column":30}},"39":{"start":{"line":88,"column":8},"end":{"line":96,"column":9}},"40":{"start":{"line":90,"column":12},"end":{"line":94,"column":13}},"41":{"start":{"line":90,"column":24},"end":{"line":90,"column":25}},"42":{"start":{"line":92,"column":16},"end":{"line":92,"column":85}},"43":{"start":{"line":93,"column":16},"end":{"line":93,"column":50}},"44":{"start":{"line":95,"column":12},"end":{"line":95,"column":33}},"45":{"start":{"line":100,"column":0},"end":{"line":100,"column":24}}},"fnMap":{"0":{"name":"(anonymous_0)","decl":{"start":{"line":5,"column":4},"end":{"line":5,"column":5}},"loc":{"start":{"line":5,"column":37},"end":{"line":7,"column":5}},"line":5},"1":{"name":"(anonymous_1)","decl":{"start":{"line":10,"column":4},"end":{"line":10,"column":5}},"loc":{"start":{"line":10,"column":36},"end":{"line":14,"column":5}},"line":10},"2":{"name":"(anonymous_2)","decl":{"start":{"line":17,"column":4},"end":{"line":17,"column":5}},"loc":{"start":{"line":17,"column":41},"end":{"line":20,"column":5}},"line":17},"3":{"name":"(anonymous_3)","decl":{"start":{"line":23,"column":4},"end":{"line":23,"column":5}},"loc":{"start":{"line":23,"column":40},"end":{"line":28,"column":5}},"line":23},"4":{"name":"(anonymous_4)","decl":{"start":{"line":31,"column":4},"end":{"line":31,"column":5}},"loc":{"start":{"line":31,"column":49},"end":{"line":41,"column":5}},"line":31},"5":{"name":"(anonymous_5)","decl":{"start":{"line":44,"column":4},"end":{"line":44,"column":5}},"loc":{"start":{"line":44,"column":50},"end":{"line":53,"column":5}},"line":44},"6":{"name":"(anonymous_6)","decl":{"start":{"line":56,"column":4},"end":{"line":56,"column":5}},"loc":{"start":{"line":56,"column":37},"end":{"line":59,"column":5}},"line":56},"7":{"name":"(anonymous_7)","decl":{"start":{"line":62,"column":4},"end":{"line":62,"column":5}},"loc":{"start":{"line":62,"column":49},"end":{"line":66,"column":5}},"line":62},"8":{"name":"(anonymous_8)","decl":{"start":{"line":69,"column":4},"end":{"line":69,"column":5}},"loc":{"start":{"line":69,"column":36},"end":{"line":81,"column":5}},"line":69},"9":{"name":"(anonymous_9)","decl":{"start":{"line":84,"column":4},"end":{"line":84,"column":5}},"loc":{"start":{"line":84,"column":48},"end":{"line":97,"column":5}},"line":84}},"branchMap":{"0":{"loc":{"start":{"line":72,"column":8},"end":{"line":80,"column":9}},"type":"if","locations":[{"start":{"line":72,"column":8},"end":{"line":80,"column":9}},{"start":{"line":72,"column":8},"end":{"line":80,"column":9}}],"line":72},"1":{"loc":{"start":{"line":72,"column":11},"end":{"line":72,"column":39}},"type":"binary-expr","locations":[{"start":{"line":72,"column":11},"end":{"line":72,"column":30}},{"start":{"line":72,"column":34},"end":{"line":72,"column":39}}],"line":72},"2":{"loc":{"start":{"line":88,"column":8},"end":{"line":96,"column":9}},"type":"if","locations":[{"start":{"line":88,"column":8},"end":{"line":96,"column":9}},{"start":{"line":88,"column":8},"end":{"line":96,"column":9}}],"line":88},"3":{"loc":{"start":{"line":88,"column":11},"end":{"line":88,"column":39}},"type":"binary-expr","locations":[{"start":{"line":88,"column":11},"end":{"line":88,"column":30}},{"start":{"line":88,"column":34},"end":{"line":88,"column":39}}],"line":88}},"s":{"0":4,"1":4,"2":2,"3":2,"4":2,"5":21,"6":21,"7":3,"8":3,"9":3,"10":3,"11":3,"12":3,"13":3,"14":3,"15":3,"16":30,"17":30,"18":3,"19":49,"20":49,"21":49,"22":49,"23":1746,"24":49,"25":4,"26":4,"27":0,"28":0,"29":0,"30":2,"31":2,"32":2,"33":2,"34":10,"35":10,"36":2,"37":6,"38":6,"39":6,"40":6,"41":6,"42":32,"43":32,"44":6,"45":4},"f":{"0":4,"1":2,"2":21,"3":3,"4":3,"5":49,"6":4,"7":0,"8":2,"9":6},"b":{"0":[2,0],"1":[2,2],"2":[6,0],"3":[6,6]},"_coverageSchema":"1a1c01bbd47fc00a2c39e90264f33305004495a9","hash":"31ee548d58c8dc80f42c6eea9bc6225456c01a94"}
,"C:\\Users\\djram\\WebstormProjects\\stats_calculator\\modules\\Sampling.js": {"path":"C:\\Users\\djram\\WebstormProjects\\stats_calculator\\modules\\Sampling.js","statementMap":{"0":{"start":{"line":1,"column":15},"end":{"line":1,"column":34}},"1":{"start":{"line":2,"column":20},"end":{"line":2,"column":44}},"2":{"start":{"line":6,"column":21},"end":{"line":17,"column":2}},"3":{"start":{"line":21,"column":8},"end":{"line":23,"column":9}},"4":{"start":{"line":22,"column":12},"end":{"line":22,"column":79}},"5":{"start":{"line":24,"column":19},"end":{"line":24,"column":41}},"6":{"start":{"line":25,"column":8},"end":{"line":25,"column":38}},"7":{"start":{"line":30,"column":8},"end":{"line":30,"column":68}},"8":{"start":{"line":35,"column":21},"end":{"line":35,"column":23}},"9":{"start":{"line":36,"column":16},"end":{"line":36,"column":55}},"10":{"start":{"line":37,"column":23},"end":{"line":37,"column":64}},"11":{"start":{"line":38,"column":16},"end":{"line":38,"column":24}},"12":{"start":{"line":39,"column":8},"end":{"line":44,"column":9}},"13":{"start":{"line":40,"column":12},"end":{"line":42,"column":13}},"14":{"start":{"line":41,"column":16},"end":{"line":41,"column":40}},"15":{"start":{"line":43,"column":12},"end":{"line":43,"column":19}},"16":{"start":{"line":45,"column":8},"end":{"line":45,"column":28}},"17":{"start":{"line":46,"column":8},"end":{"line":51,"column":9}},"18":{"start":{"line":46,"column":21},"end":{"line":46,"column":22}},"19":{"start":{"line":47,"column":12},"end":{"line":49,"column":13}},"20":{"start":{"line":48,"column":16},"end":{"line":48,"column":40}},"21":{"start":{"line":50,"column":12},"end":{"line":50,"column":19}},"22":{"start":{"line":52,"column":8},"end":{"line":52,"column":22}},"23":{"start":{"line":57,"column":16},"end":{"line":57,"column":55}},"24":{"start":{"line":58,"column":8},"end":{"line":58,"column":77}},"25":{"start":{"line":63,"column":8},"end":{"line":65,"column":9}},"26":{"start":{"line":64,"column":12},"end":{"line":64,"column":60}},"27":{"start":{"line":67,"column":19},"end":{"line":67,"column":46}},"28":{"start":{"line":68,"column":18},"end":{"line":68,"column":63}},"29":{"start":{"line":69,"column":8},"end":{"line":69,"column":40}},"30":{"start":{"line":76,"column":16},"end":{"line":76,"column":55}},"31":{"start":{"line":77,"column":16},"end":{"line":77,"column":49}},"32":{"start":{"line":78,"column":8},"end":{"line":80,"column":9}},"33":{"start":{"line":79,"column":12},"end":{"line":79,"column":36}},"34":{"start":{"line":81,"column":8},"end":{"line":81,"column":28}},"35":{"start":{"line":85,"column":8},"end":{"line":85,"column":63}},"36":{"start":{"line":89,"column":16},"end":{"line":89,"column":55}},"37":{"start":{"line":90,"column":8},"end":{"line":90,"column":41}},"38":{"start":{"line":94,"column":0},"end":{"line":94,"column":26}}},"fnMap":{"0":{"name":"(anonymous_0)","decl":{"start":{"line":20,"column":4},"end":{"line":20,"column":5}},"loc":{"start":{"line":20,"column":42},"end":{"line":26,"column":5}},"line":20},"1":{"name":"(anonymous_1)","decl":{"start":{"line":28,"column":4},"end":{"line":28,"column":5}},"loc":{"start":{"line":28,"column":59},"end":{"line":31,"column":5}},"line":28},"2":{"name":"(anonymous_2)","decl":{"start":{"line":33,"column":4},"end":{"line":33,"column":5}},"loc":{"start":{"line":33,"column":49},"end":{"line":53,"column":5}},"line":33},"3":{"name":"(anonymous_3)","decl":{"start":{"line":55,"column":4},"end":{"line":55,"column":5}},"loc":{"start":{"line":55,"column":51},"end":{"line":59,"column":5}},"line":55},"4":{"name":"(anonymous_4)","decl":{"start":{"line":61,"column":4},"end":{"line":61,"column":5}},"loc":{"start":{"line":61,"column":56},"end":{"line":70,"column":5}},"line":61},"5":{"name":"(anonymous_5)","decl":{"start":{"line":72,"column":4},"end":{"line":72,"column":5}},"loc":{"start":{"line":72,"column":60},"end":{"line":82,"column":5}},"line":72},"6":{"name":"(anonymous_6)","decl":{"start":{"line":84,"column":4},"end":{"line":84,"column":5}},"loc":{"start":{"line":84,"column":60},"end":{"line":86,"column":5}},"line":84},"7":{"name":"(anonymous_7)","decl":{"start":{"line":88,"column":4},"end":{"line":88,"column":5}},"loc":{"start":{"line":88,"column":63},"end":{"line":91,"column":5}},"line":88}},"branchMap":{"0":{"loc":{"start":{"line":21,"column":8},"end":{"line":23,"column":9}},"type":"if","locations":[{"start":{"line":21,"column":8},"end":{"line":23,"column":9}},{"start":{"line":21,"column":8},"end":{"line":23,"column":9}}],"line":21},"1":{"loc":{"start":{"line":21,"column":13},"end":{"line":21,"column":88}},"type":"binary-expr","locations":[{"start":{"line":21,"column":14},"end":{"line":21,"column":44}},{"start":{"line":21,"column":50},"end":{"line":21,"column":64}},{"start":{"line":21,"column":70},"end":{"line":21,"column":87}}],"line":21},"2":{"loc":{"start":{"line":28,"column":49},"end":{"line":28,"column":57}},"type":"default-arg","locations":[{"start":{"line":28,"column":54},"end":{"line":28,"column":57}}],"line":28},"3":{"loc":{"start":{"line":40,"column":12},"end":{"line":42,"column":13}},"type":"if","locations":[{"start":{"line":40,"column":12},"end":{"line":42,"column":13}},{"start":{"line":40,"column":12},"end":{"line":42,"column":13}}],"line":40},"4":{"loc":{"start":{"line":47,"column":12},"end":{"line":49,"column":13}},"type":"if","locations":[{"start":{"line":47,"column":12},"end":{"line":49,"column":13}},{"start":{"line":47,"column":12},"end":{"line":49,"column":13}}],"line":47},"5":{"loc":{"start":{"line":55,"column":36},"end":{"line":55,"column":49}},"type":"default-arg","locations":[{"start":{"line":55,"column":47},"end":{"line":55,"column":49}}],"line":55},"6":{"loc":{"start":{"line":61,"column":41},"end":{"line":61,"column":54}},"type":"default-arg","locations":[{"start":{"line":61,"column":52},"end":{"line":61,"column":54}}],"line":61},"7":{"loc":{"start":{"line":63,"column":8},"end":{"line":65,"column":9}},"type":"if","locations":[{"start":{"line":63,"column":8},"end":{"line":65,"column":9}},{"start":{"line":63,"column":8},"end":{"line":65,"column":9}}],"line":63},"8":{"loc":{"start":{"line":72,"column":45},"end":{"line":72,"column":50}},"type":"default-arg","locations":[{"start":{"line":72,"column":47},"end":{"line":72,"column":50}}],"line":72},"9":{"loc":{"start":{"line":72,"column":52},"end":{"line":72,"column":58}},"type":"default-arg","locations":[{"start":{"line":72,"column":54},"end":{"line":72,"column":58}}],"line":72},"10":{"loc":{"start":{"line":78,"column":8},"end":{"line":80,"column":9}},"type":"if","locations":[{"start":{"line":78,"column":8},"end":{"line":80,"column":9}},{"start":{"line":78,"column":8},"end":{"line":80,"column":9}}],"line":78},"11":{"loc":{"start":{"line":84,"column":53},"end":{"line":84,"column":58}},"type":"default-arg","locations":[{"start":{"line":84,"column":55},"end":{"line":84,"column":58}}],"line":84}},"s":{"0":2,"1":2,"2":2,"3":14,"4":0,"5":14,"6":14,"7":3,"8":2,"9":2,"10":2,"11":2,"12":2,"13":9,"14":9,"15":9,"16":2,"17":2,"18":2,"19":2,"20":0,"21":2,"22":2,"23":4,"24":4,"25":2,"26":0,"27":2,"28":2,"29":2,"30":6,"31":6,"32":6,"33":1,"34":6,"35":2,"36":1,"37":1,"38":2},"f":{"0":14,"1":3,"2":2,"3":4,"4":2,"5":6,"6":2,"7":1},"b":{"0":[0,14],"1":[14,14,14],"2":[0],"3":[9,0],"4":[0,2],"5":[0],"6":[0],"7":[0,2],"8":[1],"9":[4],"10":[1,5],"11":[0]},"_coverageSchema":"1a1c01bbd47fc00a2c39e90264f33305004495a9","hash":"c1b38c319df478ae99a50e62a251e1ed2294c20e"}
}
