TN:
SF:StatsCalculator.js
FN:6,(anonymous_0)
FN:10,(anonymous_1)
FN:13,(anonymous_2)
FN:16,(anonymous_3)
FN:19,(anonymous_4)
FN:22,(anonymous_5)
FN:25,(anonymous_6)
FN:28,(anonymous_7)
FN:32,(anonymous_8)
FN:36,(anonymous_9)
FN:40,(anonymous_10)
FN:45,(anonymous_11)
FN:49,(anonymous_12)
FN:53,(anonymous_13)
FN:57,(anonymous_14)
FN:61,(anonymous_15)
FN:65,(anonymous_16)
FN:69,(anonymous_17)
FN:73,(anonymous_18)
FN:77,(anonymous_19)
FN:81,(anonymous_20)
FN:84,(anonymous_21)
FN:89,(anonymous_22)
FN:92,(anonymous_23)
FN:96,(anonymous_24)
FN:100,(anonymous_25)
FN:104,(anonymous_26)
FN:108,(anonymous_27)
FN:111,(anonymous_28)
FN:114,(anonymous_29)
FNF:30
FNH:28
FNDA:1,(anonymous_0)
FNDA:1,(anonymous_1)
FNDA:1,(anonymous_2)
FNDA:1,(anonymous_3)
FNDA:1,(anonymous_4)
FNDA:1,(anonymous_5)
FNDA:1,(anonymous_6)
FNDA:2,(anonymous_7)
FNDA:0,(anonymous_8)
FNDA:1,(anonymous_9)
FNDA:1,(anonymous_10)
FNDA:1,(anonymous_11)
FNDA:1,(anonymous_12)
FNDA:1,(anonymous_13)
FNDA:1,(anonymous_14)
FNDA:1,(anonymous_15)
FNDA:4,(anonymous_16)
FNDA:1,(anonymous_17)
FNDA:1,(anonymous_18)
FNDA:1,(anonymous_19)
FNDA:1,(anonymous_20)
FNDA:1,(anonymous_21)
FNDA:1,(anonymous_22)
FNDA:1,(anonymous_23)
FNDA:1,(anonymous_24)
FNDA:1,(anonymous_25)
FNDA:1,(anonymous_26)
FNDA:1,(anonymous_27)
FNDA:1,(anonymous_28)
FNDA:0,(anonymous_29)
DA:1,1
DA:2,1
DA:3,1
DA:7,1
DA:11,1
DA:14,1
DA:17,1
DA:20,1
DA:23,1
DA:26,1
DA:29,2
DA:30,2
DA:33,0
DA:34,0
DA:37,1
DA:38,1
DA:41,1
DA:42,1
DA:46,1
DA:47,1
DA:50,1
DA:51,1
DA:54,1
DA:55,1
DA:58,1
DA:59,1
DA:62,1
DA:63,1
DA:66,4
DA:67,4
DA:70,1
DA:71,1
DA:74,1
DA:75,1
DA:78,1
DA:79,1
DA:82,1
DA:85,1
DA:86,1
DA:90,1
DA:93,1
DA:94,1
DA:97,1
DA:98,1
DA:101,1
DA:102,1
DA:105,1
DA:106,1
DA:109,1
DA:112,1
DA:115,0
DA:119,1
LF:52
LH:49
BRDA:29,0,0,0
BRDA:29,0,1,2
BRDA:33,1,0,0
BRDA:33,1,1,0
BRDA:37,2,0,0
BRDA:37,2,1,1
BRDA:41,3,0,0
BRDA:41,3,1,1
BRDA:46,4,0,0
BRDA:46,4,1,1
BRDA:50,5,0,0
BRDA:50,5,1,1
BRDA:54,6,0,0
BRDA:54,6,1,1
BRDA:57,7,0,1
BRDA:58,8,0,0
BRDA:58,8,1,1
BRDA:61,9,0,1
BRDA:62,10,0,0
BRDA:62,10,1,1
BRDA:66,11,0,0
BRDA:66,11,1,4
BRDA:70,12,0,0
BRDA:70,12,1,1
BRDA:74,13,0,0
BRDA:74,13,1,1
BRDA:74,14,0,1
BRDA:74,14,1,1
BRDA:78,15,0,0
BRDA:78,15,1,1
BRDA:78,16,0,1
BRDA:78,16,1,1
BRDA:85,17,0,0
BRDA:85,17,1,1
BRDA:92,18,0,0
BRDA:93,19,0,0
BRDA:93,19,1,1
BRDA:97,20,0,0
BRDA:97,20,1,1
BRDA:100,21,0,0
BRDA:101,22,0,0
BRDA:101,22,1,1
BRDA:104,23,0,0
BRDA:105,24,0,0
BRDA:105,24,1,1
BRDA:108,25,0,1
BRDA:108,26,0,1
BRDA:111,27,0,0
BRF:48
BRH:25
end_of_record
TN:
SF:modules\Descriptive.js
FN:2,(anonymous_0)
FN:6,(anonymous_1)
FN:9,(anonymous_2)
FN:11,(anonymous_3)
FN:20,(anonymous_4)
FN:39,(anonymous_5)
FN:43,(anonymous_6)
FN:47,(anonymous_7)
FN:48,(anonymous_8)
FN:52,(anonymous_9)
FN:56,(anonymous_10)
FN:61,(anonymous_11)
FN:64,(anonymous_12)
FN:82,(anonymous_13)
FN:87,(anonymous_14)
FN:92,(anonymous_15)
FN:101,(anonymous_16)
FN:102,(anonymous_17)
FN:106,(anonymous_18)
FN:119,(anonymous_19)
FN:123,(anonymous_20)
FN:125,(anonymous_21)
FNF:22
FNH:22
FNDA:26,(anonymous_0)
FNDA:2060,(anonymous_1)
FNDA:2,(anonymous_2)
FNDA:1065,(anonymous_3)
FNDA:2,(anonymous_4)
FNDA:4,(anonymous_5)
FNDA:18,(anonymous_6)
FNDA:300,(anonymous_7)
FNDA:300,(anonymous_8)
FNDA:600,(anonymous_9)
FNDA:16,(anonymous_10)
FNDA:8,(anonymous_11)
FNDA:161,(anonymous_12)
FNDA:2,(anonymous_13)
FNDA:200,(anonymous_14)
FNDA:2,(anonymous_15)
FNDA:200,(anonymous_16)
FNDA:200,(anonymous_17)
FNDA:2,(anonymous_18)
FNDA:2,(anonymous_19)
FNDA:2,(anonymous_20)
FNDA:200,(anonymous_21)
DA:3,26
DA:4,0
DA:6,2060
DA:10,2
DA:11,1065
DA:12,2
DA:13,2
DA:14,0
DA:16,2
DA:21,2
DA:22,2
DA:23,200
DA:24,39
DA:26,161
DA:29,2
DA:30,2
DA:31,2
DA:32,161
DA:33,6
DA:36,2
DA:37,0
DA:39,4
DA:45,18
DA:46,18
DA:47,300
DA:48,300
DA:49,12
DA:51,6
DA:52,600
DA:58,16
DA:63,8
DA:64,161
DA:65,8
DA:66,8
DA:67,8
DA:68,76
DA:69,8
DA:71,76
DA:72,8
DA:74,76
DA:75,8
DA:77,76
DA:79,8
DA:85,2
DA:86,2
DA:87,200
DA:88,2
DA:89,2
DA:94,2
DA:95,2
DA:96,2
DA:97,2
DA:98,2
DA:99,200
DA:101,200
DA:102,200
DA:103,2
DA:107,2
DA:108,2
DA:109,2
DA:110,2
DA:111,2
DA:112,200
DA:114,2
DA:115,2
DA:116,2
DA:120,2
DA:124,2
DA:125,200
DA:129,3
LF:70
LH:67
BRDA:3,0,0,0
BRDA:3,0,1,26
BRDA:13,1,0,0
BRDA:13,1,1,2
BRDA:23,2,0,39
BRDA:23,2,1,161
BRDA:32,3,0,6
BRDA:32,3,1,155
BRDA:36,4,0,0
BRDA:36,4,1,2
BRDA:43,5,0,1
BRDA:46,6,0,12
BRDA:46,6,1,6
BRDA:56,7,0,9
BRDA:68,8,0,8
BRDA:68,8,1,68
BRDA:68,9,0,76
BRDA:68,9,1,62
BRDA:71,10,0,8
BRDA:71,10,1,68
BRDA:71,11,0,76
BRDA:71,11,1,44
BRDA:74,12,0,8
BRDA:74,12,1,68
BRDA:74,13,0,76
BRDA:74,13,1,24
BRF:26
BRH:23
end_of_record
TN:
SF:modules\Random.js
FN:5,(anonymous_0)
FN:10,(anonymous_1)
FN:17,(anonymous_2)
FN:23,(anonymous_3)
FN:31,(anonymous_4)
FN:44,(anonymous_5)
FN:56,(anonymous_6)
FN:62,(anonymous_7)
FN:69,(anonymous_8)
FN:84,(anonymous_9)
FNF:10
FNH:9
FNDA:4,(anonymous_0)
FNDA:2,(anonymous_1)
FNDA:21,(anonymous_2)
FNDA:3,(anonymous_3)
FNDA:3,(anonymous_4)
FNDA:49,(anonymous_5)
FNDA:4,(anonymous_6)
FNDA:0,(anonymous_7)
FNDA:2,(anonymous_8)
FNDA:6,(anonymous_9)
DA:1,4
DA:6,4
DA:11,2
DA:12,2
DA:13,2
DA:18,21
DA:19,21
DA:24,3
DA:25,3
DA:26,3
DA:27,3
DA:32,3
DA:33,3
DA:34,3
DA:36,3
DA:37,30
DA:38,30
DA:40,3
DA:45,49
DA:46,49
DA:48,49
DA:49,1746
DA:52,49
DA:57,4
DA:58,4
DA:63,0
DA:64,0
DA:65,0
DA:70,2
DA:72,2
DA:74,2
DA:76,10
DA:77,10
DA:79,2
DA:85,6
DA:86,6
DA:88,6
DA:90,6
DA:92,32
DA:93,32
DA:95,6
DA:100,4
LF:42
LH:39
BRDA:72,0,0,2
BRDA:72,0,1,0
BRDA:72,1,0,2
BRDA:72,1,1,2
BRDA:88,2,0,6
BRDA:88,2,1,0
BRDA:88,3,0,6
BRDA:88,3,1,6
BRF:8
BRH:6
end_of_record
TN:
SF:modules\Sampling.js
FN:20,(anonymous_0)
FN:28,(anonymous_1)
FN:33,(anonymous_2)
FN:55,(anonymous_3)
FN:61,(anonymous_4)
FN:72,(anonymous_5)
FN:84,(anonymous_6)
FN:88,(anonymous_7)
FNF:8
FNH:8
FNDA:14,(anonymous_0)
FNDA:3,(anonymous_1)
FNDA:2,(anonymous_2)
FNDA:4,(anonymous_3)
FNDA:2,(anonymous_4)
FNDA:6,(anonymous_5)
FNDA:2,(anonymous_6)
FNDA:1,(anonymous_7)
DA:1,2
DA:2,2
DA:6,2
DA:21,14
DA:22,0
DA:24,14
DA:25,14
DA:30,3
DA:35,2
DA:36,2
DA:37,2
DA:38,2
DA:39,2
DA:40,9
DA:41,9
DA:43,9
DA:45,2
DA:46,2
DA:47,2
DA:48,0
DA:50,2
DA:52,2
DA:57,4
DA:58,4
DA:63,2
DA:64,0
DA:67,2
DA:68,2
DA:69,2
DA:76,6
DA:77,6
DA:78,6
DA:79,1
DA:81,6
DA:85,2
DA:89,1
DA:90,1
DA:94,2
LF:38
LH:35
BRDA:21,0,0,0
BRDA:21,0,1,14
BRDA:21,1,0,14
BRDA:21,1,1,14
BRDA:21,1,2,14
BRDA:28,2,0,0
BRDA:40,3,0,9
BRDA:40,3,1,0
BRDA:47,4,0,0
BRDA:47,4,1,2
BRDA:55,5,0,0
BRDA:61,6,0,0
BRDA:63,7,0,0
BRDA:63,7,1,2
BRDA:72,8,0,1
BRDA:72,9,0,4
BRDA:78,10,0,1
BRDA:78,10,1,5
BRDA:84,11,0,0
BRF:19
BRH:11
end_of_record
